<?xml version="1.0" encoding="UTF-8"?>
<testsuite xmlns:xsi="http://www.w3.org/2001/XMLSchema-instance" xsi:schemaLocation="https://maven.apache.org/surefire/maven-surefire-plugin/xsd/surefire-test-report.xsd" name="domainapp.application.integtests.mml.MetaModelService_IntegTest" time="7.922" tests="2" errors="0" skipped="2" failures="0">
  <properties>
    <property name="java.runtime.name" value="Java(TM) SE Runtime Environment"/>
    <property name="sun.boot.library.path" value="C:\Program Files\Java\jdk1.8.0_241\jre\bin"/>
    <property name="java.vm.version" value="25.241-b07"/>
    <property name="java.vm.vendor" value="Oracle Corporation"/>
    <property name="maven.multiModuleProjectDirectory" value="C:/Users/gabya/Desktop/Gaby/IFES/Tercero/Practicas/Proyecto/myapp"/>
    <property name="java.vendor.url" value="http://java.oracle.com/"/>
    <property name="path.separator" value=";"/>
    <property name="guice.disable.misplaced.annotation.check" value="true"/>
    <property name="java.vm.name" value="Java HotSpot(TM) 64-Bit Server VM"/>
    <property name="file.encoding.pkg" value="sun.io"/>
    <property name="user.script" value=""/>
    <property name="user.country" value="AR"/>
    <property name="sun.java.launcher" value="SUN_STANDARD"/>
    <property name="sun.os.patch.level" value=""/>
    <property name="java.vm.specification.name" value="Java Virtual Machine Specification"/>
    <property name="user.dir" value="C:\Users\gabya\Desktop\Gaby\IFES\Tercero\Practicas\Proyecto\myapp"/>
    <property name="java.runtime.version" value="1.8.0_241-b07"/>
    <property name="java.awt.graphicsenv" value="sun.awt.Win32GraphicsEnvironment"/>
    <property name="java.endorsed.dirs" value="C:\Program Files\Java\jdk1.8.0_241\jre\lib\endorsed"/>
    <property name="os.arch" value="amd64"/>
    <property name="java.io.tmpdir" value="C:\Users\gabya\AppData\Local\Temp\"/>
    <property name="line.separator" value="&#10;"/>
    <property name="java.vm.specification.vendor" value="Oracle Corporation"/>
    <property name="user.variant" value=""/>
    <property name="os.name" value="Windows 10"/>
    <property name="classworlds.conf" value="C:/apache-maven-3.6.3/bin/m2.conf"/>
    <property name="sun.jnu.encoding" value="Cp1252"/>
    <property name="java.library.path" value="C:\Program Files\Java\jdk1.8.0_241\bin;C:\WINDOWS\Sun\Java\bin;C:\WINDOWS\system32;C:\WINDOWS;C:\Users\gabya\bin;C:\Program Files\Git\mingw64\bin;C:\Program Files\Git\usr\local\bin;C:\Program Files\Git\usr\bin;C:\Program Files\Git\usr\bin;C:\Program Files\Git\mingw64\bin;C:\Program Files\Git\usr\bin;C:\Users\gabya\bin;C:\Program Files (x86)\Common Files\Oracle\Java\javapath;C:\WINDOWS\system32;C:\WINDOWS;C:\WINDOWS\System32\Wbem;C:\WINDOWS\System32\WindowsPowerShell\v1.0;C:\Program Files (x86)\ATI Technologies\ATI.ACE\Core-Static;C:\WINDOWS\System32\OpenSSH;C:\Program Files\Git\cmd;C:\Program Files\nodejs;C:\apache-maven-3.6.3\bin;C:\Users\gabya\AppData\Local\Microsoft\WindowsApps;C:\Users\gabya\AppData\Local\atom\bin;C:\Users\gabya\AppData\Local\Microsoft\WindowsApps;C:\Program Files\Java\jdk1.8.0_241\bin;C:\Users\gabya\AppData\Roaming\npm;C:\Users\gabya\AppData\Local\Programs\Microsoft VS Code\bin;C:\Program Files\Git\usr\bin\vendor_perl;C:\Program Files\Git\usr\bin\core_perl;."/>
    <property name="maven.conf" value="C:/apache-maven-3.6.3/conf"/>
    <property name="java.specification.name" value="Java Platform API Specification"/>
    <property name="java.class.version" value="52.0"/>
    <property name="sun.management.compiler" value="HotSpot 64-Bit Tiered Compilers"/>
    <property name="os.version" value="10.0"/>
    <property name="library.jansi.path" value="C:/apache-maven-3.6.3/lib/jansi-native"/>
    <property name="user.home" value="C:\Users\gabya"/>
    <property name="user.timezone" value="America/Buenos_Aires"/>
    <property name="java.awt.printerjob" value="sun.awt.windows.WPrinterJob"/>
    <property name="java.specification.version" value="1.8"/>
    <property name="file.encoding" value="Cp1252"/>
    <property name="user.name" value="gabya"/>
    <property name="java.class.path" value="C:/apache-maven-3.6.3/boot/plexus-classworlds-2.6.0.jar"/>
    <property name="java.vm.specification.version" value="1.8"/>
    <property name="sun.arch.data.model" value="64"/>
    <property name="java.home" value="C:\Program Files\Java\jdk1.8.0_241\jre"/>
    <property name="sun.java.command" value="org.codehaus.plexus.classworlds.launcher.Launcher clean install"/>
    <property name="java.specification.vendor" value="Oracle Corporation"/>
    <property name="user.language" value="es"/>
    <property name="awt.toolkit" value="sun.awt.windows.WToolkit"/>
    <property name="java.vm.info" value="mixed mode"/>
    <property name="java.version" value="1.8.0_241"/>
    <property name="java.ext.dirs" value="C:\Program Files\Java\jdk1.8.0_241\jre\lib\ext;C:\WINDOWS\Sun\Java\lib\ext"/>
    <property name="sun.boot.class.path" value="C:\Program Files\Java\jdk1.8.0_241\jre\lib\resources.jar;C:\Program Files\Java\jdk1.8.0_241\jre\lib\rt.jar;C:\Program Files\Java\jdk1.8.0_241\jre\lib\sunrsasign.jar;C:\Program Files\Java\jdk1.8.0_241\jre\lib\jsse.jar;C:\Program Files\Java\jdk1.8.0_241\jre\lib\jce.jar;C:\Program Files\Java\jdk1.8.0_241\jre\lib\charsets.jar;C:\Program Files\Java\jdk1.8.0_241\jre\lib\jfr.jar;C:\Program Files\Java\jdk1.8.0_241\jre\classes"/>
    <property name="java.vendor" value="Oracle Corporation"/>
    <property name="maven.home" value="C:\apache-maven-3.6.3"/>
    <property name="file.separator" value="\"/>
    <property name="java.vendor.url.bug" value="http://bugreport.sun.com/bugreport/"/>
    <property name="sun.cpu.endian" value="little"/>
    <property name="sun.io.unicode.encoding" value="UnicodeLittle"/>
    <property name="sun.desktop" value="windows"/>
    <property name="sun.cpu.isalist" value="amd64"/>
  </properties>
  <testcase name="_2_verify" classname="domainapp.application.integtests.mml.MetaModelService_IntegTest" time="0">
    <skipped/>
    <system-out><![CDATA[10:51:46,346  [HeadlessWithBootstrappingAbstract main       INFO ]  isis.integTest.module = 
10:51:47,549  [Reflections          main       INFO ]  Reflections took 594 ms to scan 8 urls, producing 338 keys and 1516 values 
1203  [Reflections               main       INFO ]  Reflections took 594 ms to scan 8 urls, producing 338 keys and 1516 values 
10:51:48,065  [ServicesInstallerFromConfigurationAndAnnotation main       INFO ]  installing org.apache.isis.core.runtime.services.ServicesInstallerFromConfigurationAndAnnotation
1719  [onfigurationAndAnnotation main       INFO ]  installing org.apache.isis.core.runtime.services.ServicesInstallerFromConfigurationAndAnnotation
10:51:48,486  [IsisSessionFactoryBuilder main       INFO ]  initialising Isis System
2140  [IsisSessionFactoryBuilder main       INFO ]  initialising Isis System
10:51:48,486  [IsisSessionFactoryBuilder main       INFO ]  working directory: C:\Users\gabya\Desktop\Gaby\IFES\Tercero\Practicas\Proyecto\myapp\application\.
2140  [IsisSessionFactoryBuilder main       INFO ]  working directory: C:\Users\gabya\Desktop\Gaby\IFES\Tercero\Practicas\Proyecto\myapp\application\.
10:51:48,486  [IsisSessionFactoryBuilder main       INFO ]  resource stream source: null
2140  [IsisSessionFactoryBuilder main       INFO ]  resource stream source: null
10:51:49,205  [SpecificationLoader  Thread-2   INFO ]  Loading all specs (up to state of NOT_INTROSPECTED)
2859  [SpecificationLoader       Thread-2   INFO ]  Loading all specs (up to state of NOT_INTROSPECTED)
10:51:49,221  [PersistenceSessionFactory Thread-3   INFO ]  did *not* find config properties to use JNDI datasource; will use JDBC
2875  [PersistenceSessionFactory Thread-3   INFO ]  did *not* find config properties to use JNDI datasource; will use JDBC
10:51:49,549  [SpecificationLoader  Thread-2   INFO ]  Introspecting all specs up to TYPE_INTROSPECTED
3203  [SpecificationLoader       Thread-2   INFO ]  Introspecting all specs up to TYPE_INTROSPECTED
10:51:51,127  [ThreadPoolSupport    Thread-2   INFO ]  join'ing 135 tasks: waited 0 milliseconds 
4781  [ThreadPoolSupport         Thread-2   INFO ]  join'ing 135 tasks: waited 0 milliseconds 
10:51:51,127  [SpecificationLoader  Thread-2   INFO ]  Introspecting domainService specs up to TYPE_AND_MEMBERS_INTROSPECTED
4781  [SpecificationLoader       Thread-2   INFO ]  Introspecting domainService specs up to TYPE_AND_MEMBERS_INTROSPECTED
10:51:51,659  [ThreadPoolSupport    Thread-2   INFO ]  join'ing 86 tasks: waited 0 milliseconds 
5313  [ThreadPoolSupport         Thread-2   INFO ]  join'ing 86 tasks: waited 0 milliseconds 
10:51:51,659  [SpecificationLoader  Thread-2   INFO ]  Introspecting mixin specs up to TYPE_AND_MEMBERS_INTROSPECTED
5313  [SpecificationLoader       Thread-2   INFO ]  Introspecting mixin specs up to TYPE_AND_MEMBERS_INTROSPECTED
10:51:51,752  [ThreadPoolSupport    Thread-2   INFO ]  join'ing 11 tasks: waited 0 milliseconds 
5406  [ThreadPoolSupport         Thread-2   INFO ]  join'ing 11 tasks: waited 0 milliseconds 
10:51:51,752  [SpecificationLoader  Thread-2   INFO ]  Introspecting all cached specs up to TYPE_AND_MEMBERS_INTROSPECTED
5406  [SpecificationLoader       Thread-2   INFO ]  Introspecting all cached specs up to TYPE_AND_MEMBERS_INTROSPECTED
10:51:52,034  [ThreadPoolSupport    Thread-2   INFO ]  join'ing 165 tasks: waited 0 milliseconds 
5688  [ThreadPoolSupport         Thread-2   INFO ]  join'ing 165 tasks: waited 0 milliseconds 
10:51:52,034  [Schema               Thread-3   DEBUG]  La columna ""DELETEME1586872312018"."UNUSED"" añadió a la representación de la table.
10:51:52,034  [SpecificationLoader  Thread-2   INFO ]  init() - done
5688  [SpecificationLoader       Thread-2   INFO ]  init() - done
10:51:52,049  [Schema               Thread-3   DEBUG]  Crear la tabla "DELETEME1586872312018"
10:51:52,049  [Schema               Thread-3   DEBUG]  CREATE TABLE "DELETEME1586872312018"
(
    "UNUSED" INTEGER NOT NULL
)
10:51:52,049  [Schema               Thread-3   DEBUG]  Tiempo de cumplir = 0 ms
10:51:52,080  [Schema               Thread-3   DEBUG]  Borrar la tabla "DELETEME1586872312018"
10:51:52,080  [Schema               Thread-3   DEBUG]  DROP TABLE "DELETEME1586872312018"
10:51:52,080  [Schema               Thread-3   DEBUG]  Tiempo de cumplir = 0 ms
10:51:52,455  [Schema               Thread-3   DEBUG]  La columna ""DELETEME1586872312455"."UNUSED"" añadió a la representación de la table.
10:51:52,455  [Schema               Thread-3   DEBUG]  Crear la tabla "DELETEME1586872312455"
10:51:52,471  [Schema               Thread-3   DEBUG]  CREATE TABLE "DELETEME1586872312455"
(
    "UNUSED" INTEGER NOT NULL
)
10:51:52,471  [Schema               Thread-3   DEBUG]  Tiempo de cumplir = 0 ms
10:51:52,471  [Schema               Thread-3   DEBUG]  Borrar la tabla "DELETEME1586872312455"
10:51:52,471  [Schema               Thread-3   DEBUG]  DROP TABLE "DELETEME1586872312455"
10:51:52,471  [Schema               Thread-3   DEBUG]  Tiempo de cumplir = 0 ms
10:51:52,643  [Schema               Thread-3   DEBUG]  La columna ""simple"."SimpleObject"."id"" añadió a la representación de la table.
10:51:52,643  [Schema               Thread-3   DEBUG]  Campo [DATASTORE_ID] -> Columnas ["simple"."SimpleObject"."id"] usando mapping del tipo "org.datanucleus.store.rdbms.mapping.java.DatastoreIdMapping" (org.datanucleus.store.rdbms.mapping.datastore.BigIntRDBMSMapping)
10:51:52,659  [Schema               Thread-3   DEBUG]  La tabla "simple"."SimpleObject" va a manejar la persistencia de los campos de la clase domainapp.modules.simple.dom.impl.SimpleObject (estrategia de heredar="new-table")
10:51:52,659  [Schema               Thread-3   DEBUG]  La columna ""simple"."SimpleObject"."name"" añadió a la representación de la table.
10:51:52,659  [Schema               Thread-3   DEBUG]  Campo [domainapp.modules.simple.dom.impl.SimpleObject.name] -> Columnas ["simple"."SimpleObject"."name"] usando mapping del tipo "org.datanucleus.store.rdbms.mapping.java.StringMapping" (org.datanucleus.store.rdbms.mapping.datastore.VarCharRDBMSMapping)
10:51:52,659  [Schema               Thread-3   DEBUG]  La columna ""simple"."SimpleObject"."notes"" añadió a la representación de la table.
10:51:52,659  [Schema               Thread-3   DEBUG]  Campo [domainapp.modules.simple.dom.impl.SimpleObject.notes] -> Columnas ["simple"."SimpleObject"."notes"] usando mapping del tipo "org.datanucleus.store.rdbms.mapping.java.StringMapping" (org.datanucleus.store.rdbms.mapping.datastore.VarCharRDBMSMapping)
10:51:52,659  [Schema               Thread-3   DEBUG]  La columna ""simple"."SimpleObject"."version"" añadió a la representación de la table.
10:51:52,659  [Schema               Thread-3   DEBUG]  Campo [VERSION] -> Columnas ["simple"."SimpleObject"."version"] usando mapping del tipo "org.datanucleus.store.rdbms.mapping.java.VersionTimestampMapping" (org.datanucleus.store.rdbms.mapping.datastore.TimestampRDBMSMapping)
10:51:52,659  [Schema               Thread-3   DEBUG]  Table/View "simple"."SimpleObject" ha sido inicializado
10:51:52,659  [Schema               Thread-3   DEBUG]  Empezando transaccion del esquema con conneccion "org.datanucleus.store.rdbms.datasource.dbcp.PoolingDataSource$PoolGuardConnectionWrapper@5ecf3349" y isolacion "serializable"
10:51:52,674  [Schema               Thread-3   DEBUG]  Check of existence of "simple"."SimpleObject" returned no table
10:51:52,674  [Schema               Thread-3   DEBUG]  Crear la tabla "simple"."SimpleObject"
10:51:52,674  [Schema               Thread-3   DEBUG]  CREATE TABLE "simple"."SimpleObject"
(
    "id" BIGINT GENERATED BY DEFAULT AS IDENTITY,
    "name" VARCHAR(40) NOT NULL,
    "notes" VARCHAR(4000) NULL,
    "version" TIMESTAMP NOT NULL,
    CONSTRAINT "SimpleObject_PK" PRIMARY KEY ("id")
)
10:51:52,674  [Schema               Thread-3   DEBUG]  Tiempo de cumplir = 0 ms
10:51:52,674  [Schema               Thread-3   DEBUG]  Crear la llave unica "SimpleObject_name_UNQ" en catalogo "" equema ""simple""
10:51:52,674  [Schema               Thread-3   DEBUG]  ALTER TABLE "simple"."SimpleObject" ADD CONSTRAINT "SimpleObject_name_UNQ" UNIQUE ("name")
10:51:52,674  [Schema               Thread-3   DEBUG]  Tiempo de cumplir = 0 ms
10:51:52,674  [Schema               Thread-3   DEBUG]  Committing transaccion del esquema "org.datanucleus.store.rdbms.datasource.dbcp.PoolingDataSource$PoolGuardConnectionWrapper@5ecf3349"
10:51:52,690  [Schema               Thread-3   DEBUG]  Cerrando la conneccion de la transaccion del esquema "org.datanucleus.store.rdbms.datasource.dbcp.PoolingDataSource$PoolGuardConnectionWrapper@5ecf3349"
10:51:52,690  [ThreadPoolSupport    main       INFO ]  join'ing 5 tasks: waited 0 milliseconds 
6344  [ThreadPoolSupport         main       INFO ]  join'ing 5 tasks: waited 0 milliseconds 
10:51:52,924  [ServiceInitializer   main       INFO ]  calling @PostConstruct on all domain services
6578  [ServiceInitializer        main       INFO ]  calling @PostConstruct on all domain services
10:51:53,252  [EmailServiceDefault  main       WARN ]  NOT configured
6906  [EmailServiceDefault       main       WARN ]  NOT configured
10:51:53,627  [IsisSystemBootstrapper main       INFO ]  ##########################################################################
7281  [IsisSystemBootstrapper    main       INFO ]  ##########################################################################
10:51:53,627  [IsisSystemBootstrapper main       INFO ]  # Bootstrapped in 7234 millis
7281  [IsisSystemBootstrapper    main       INFO ]  # Bootstrapped in 7234 millis
10:51:53,627  [IsisSystemBootstrapper main       INFO ]  ##########################################################################
7281  [IsisSystemBootstrapper    main       INFO ]  ##########################################################################
                                                            : EXEC org.apache.isis.applib.AppManifestAbstract2$1
10:51:53,674  [HeadlessWithBootstrappingAbstract main       INFO ]  ### TEST: domainapp.application.integtests.mml.MetaModelService_IntegTest
7328  [WithBootstrappingAbstract main       INFO ]  ### TEST: domainapp.application.integtests.mml.MetaModelService_IntegTest
                                                            : EXEC org.apache.isis.applib.AppManifestAbstract2$2
/                                                           : EXEC domainapp.modules.simple.SimpleModule$1
]]></system-out>
  </testcase>
  <testcase name="_1_learn" classname="domainapp.application.integtests.mml.MetaModelService_IntegTest" time="0">
    <skipped/>
    <system-out><![CDATA[10:51:53,768  [HeadlessWithBootstrappingAbstract main       INFO ]  isis.integTest.module = 
7422  [WithBootstrappingAbstract main       INFO ]  isis.integTest.module = 
                                                            : EXEC org.apache.isis.applib.AppManifestAbstract2$1
10:51:53,768  [HeadlessWithBootstrappingAbstract main       INFO ]  ### TEST: domainapp.application.integtests.mml.MetaModelService_IntegTest
7422  [WithBootstrappingAbstract main       INFO ]  ### TEST: domainapp.application.integtests.mml.MetaModelService_IntegTest
                                                            : EXEC org.apache.isis.applib.AppManifestAbstract2$2
/                                                           : EXEC domainapp.modules.simple.SimpleModule$1
]]></system-out>
  </testcase>
</testsuite>